2022-11-16 13:39:39.499 [info] Extension host with pid 122450 started
2022-11-16 13:39:39.499 [info] Skipping acquiring lock for /home/douball/.config/Code/User/workspaceStorage/f4ffdcb202aaa6d58d2af5729883325e.
2022-11-16 13:39:39.560 [info] ExtensionService#_doActivateExtension vscode.microsoft-authentication, startup: false, activationEvent: 'onAuthenticationRequest:microsoft'
2022-11-16 13:39:39.560 [info] ExtensionService#_doActivateExtension vscode.git-base, startup: true, activationEvent: '*', root cause: vscode.git
2022-11-16 13:39:39.560 [info] ExtensionService#_doActivateExtension donjayamanne.githistory, startup: true, activationEvent: '*'
2022-11-16 13:39:39.560 [info] ExtensionService#_doActivateExtension formulahendry.terminal, startup: true, activationEvent: '*'
2022-11-16 13:39:39.560 [info] ExtensionService#_doActivateExtension kiteco.kite, startup: true, activationEvent: '*'
2022-11-16 13:39:39.560 [info] ExtensionService#_doActivateExtension mhutchie.git-graph, startup: true, activationEvent: '*'
2022-11-16 13:39:39.560 [info] ExtensionService#_doActivateExtension mtxr.sqltools, startup: true, activationEvent: '*'
2022-11-16 13:39:39.561 [info] ExtensionService#_doActivateExtension ms-vscode.cpptools, startup: true, activationEvent: '*', root cause: platformio.platformio-ide
2022-11-16 13:39:39.561 [info] ExtensionService#_doActivateExtension vscodevim.vim, startup: true, activationEvent: '*'
2022-11-16 13:39:39.825 [info] ExtensionService#_doActivateExtension vscode.git, startup: true, activationEvent: '*'
2022-11-16 13:39:39.825 [info] ExtensionService#_doActivateExtension vscode.github, startup: true, activationEvent: '*'
2022-11-16 13:39:39.826 [info] ExtensionService#_doActivateExtension mtxr.sqltools-driver-mysql, startup: true, activationEvent: '*'
2022-11-16 13:39:39.826 [info] ExtensionService#_doActivateExtension mtxr.sqltools-driver-pg, startup: true, activationEvent: '*'
2022-11-16 13:39:39.826 [info] ExtensionService#_doActivateExtension mtxr.sqltools-driver-sqlite, startup: true, activationEvent: '*'
2022-11-16 13:39:39.994 [info] ExtensionService#_doActivateExtension vscode.github-authentication, startup: false, activationEvent: 'onAuthenticationRequest:github'
2022-11-16 13:39:40.192 [info] ExtensionService#_doActivateExtension platformio.platformio-ide, startup: true, activationEvent: '*'
2022-11-16 13:39:40.350 [info] Eager extensions activated
2022-11-16 13:39:40.390 [info] ExtensionService#_doActivateExtension vscode.debug-auto-launch, startup: false, activationEvent: 'onStartupFinished'
2022-11-16 13:39:40.390 [info] ExtensionService#_doActivateExtension vscode.emmet, startup: false, activationEvent: 'onStartupFinished'
2022-11-16 13:39:40.390 [info] ExtensionService#_doActivateExtension vscode.merge-conflict, startup: false, activationEvent: 'onStartupFinished'
2022-11-16 13:39:40.390 [info] ExtensionService#_doActivateExtension aaron-bond.better-comments, startup: false, activationEvent: 'onStartupFinished'
2022-11-16 13:39:40.390 [info] ExtensionService#_doActivateExtension eamodio.gitlens, startup: false, activationEvent: 'onStartupFinished'
2022-11-16 13:39:40.390 [info] ExtensionService#_doActivateExtension ms-vscode-remote.remote-containers, startup: false, activationEvent: 'onStartupFinished'
2022-11-16 13:39:40.390 [info] ExtensionService#_doActivateExtension ms-vscode-remote.remote-wsl, startup: false, activationEvent: 'onStartupFinished'
2022-11-16 13:39:40.390 [info] ExtensionService#_doActivateExtension waderyan.gitblame, startup: false, activationEvent: 'onStartupFinished'
2022-11-16 13:40:59.871 [info] ExtensionService#_doActivateExtension redhat.vscode-yaml, startup: false, activationEvent: 'onLanguage:yaml', root cause: ms-kubernetes-tools.vscode-kubernetes-tools
2022-11-16 13:41:00.071 [info] ExtensionService#_doActivateExtension ms-kubernetes-tools.vscode-kubernetes-tools, startup: false, activationEvent: 'onLanguage:yaml'
2022-11-16 13:41:00.602 [info] ExtensionService#_doActivateExtension GrapeCity.gc-excelviewer, startup: false, activationEvent: 'onLanguage:plaintext'
2022-11-16 13:41:00.606 [warning] [redhat.vscode-yaml] Accessing a resource scoped configuration without providing a resource is not expected. To get the effective value for '[yaml]', provide the URI of a resource or 'null' for any resource.
2022-11-16 13:41:00.608 [warning] [redhat.vscode-yaml] Accessing a resource scoped configuration without providing a resource is not expected. To get the effective value for '[yaml]', provide the URI of a resource or 'null' for any resource.
2022-11-16 13:41:03.446 [warning] TextEditor is closed/disposed
2022-11-16 13:41:45.923 [warning] TextEditor is closed/disposed
2022-11-16 13:41:57.436 [warning] TextEditor is closed/disposed
2022-11-16 13:42:05.739 [warning] TextEditor is closed/disposed
2022-11-16 13:42:25.849 [warning] TextEditor is closed/disposed
2022-11-16 13:43:39.241 [warning] TextEditor is closed/disposed
2022-11-16 13:47:38.417 [warning] TextEditor is closed/disposed
2022-11-16 14:02:41.166 [warning] redhat.vscode-yaml - Code actions of kind 'quickfix 'requested but returned code action does not have a 'kind'. Code action will be dropped. Please set 'CodeAction.kind'.
2022-11-16 14:02:46.622 [warning] redhat.vscode-yaml - Code actions of kind 'quickfix 'requested but returned code action does not have a 'kind'. Code action will be dropped. Please set 'CodeAction.kind'.
2022-11-16 14:02:47.103 [warning] redhat.vscode-yaml - Code actions of kind 'quickfix 'requested but returned code action does not have a 'kind'. Code action will be dropped. Please set 'CodeAction.kind'.
2022-11-16 14:02:52.843 [warning] TextEditor is closed/disposed
2022-11-16 14:03:00.642 [warning] redhat.vscode-yaml - Code actions of kind 'quickfix 'requested but returned code action does not have a 'kind'. Code action will be dropped. Please set 'CodeAction.kind'.
2022-11-16 14:03:02.013 [warning] redhat.vscode-yaml - Code actions of kind 'quickfix 'requested but returned code action does not have a 'kind'. Code action will be dropped. Please set 'CodeAction.kind'.
2022-11-16 14:03:02.790 [warning] redhat.vscode-yaml - Code actions of kind 'quickfix 'requested but returned code action does not have a 'kind'. Code action will be dropped. Please set 'CodeAction.kind'.
2022-11-16 14:03:20.818 [warning] redhat.vscode-yaml - Code actions of kind 'quickfix 'requested but returned code action does not have a 'kind'. Code action will be dropped. Please set 'CodeAction.kind'.
2022-11-16 14:03:23.735 [warning] TextEditor is closed/disposed
2022-11-16 14:03:31.010 [warning] redhat.vscode-yaml - Code actions of kind 'quickfix 'requested but returned code action does not have a 'kind'. Code action will be dropped. Please set 'CodeAction.kind'.
2022-11-16 14:14:11.736 [warning] redhat.vscode-yaml - Code actions of kind 'quickfix 'requested but returned code action does not have a 'kind'. Code action will be dropped. Please set 'CodeAction.kind'.
2022-11-16 14:14:13.074 [warning] redhat.vscode-yaml - Code actions of kind 'quickfix 'requested but returned code action does not have a 'kind'. Code action will be dropped. Please set 'CodeAction.kind'.
2022-11-16 14:14:13.991 [warning] redhat.vscode-yaml - Code actions of kind 'quickfix 'requested but returned code action does not have a 'kind'. Code action will be dropped. Please set 'CodeAction.kind'.
2022-11-16 14:14:59.075 [warning] TextEditor is closed/disposed
2022-11-16 16:28:59.014 [info] Extension host terminating: received terminate message from renderer
2022-11-16 16:28:59.375 [error] TypeError: Converting circular structure to JSON
    --> starting at object with constructor 't'
    |     property '_readableState' -> object with constructor 'M'
    |     property 'pipes' -> object with constructor 'Array'
    |     index 0 -> object with constructor 't.ConsoleForElectron'
    --- property 'parent' closes the circle
    at JSON.stringify (<anonymous>)
    at /home/douball/.vscode/extensions/vscodevim.vim-1.24.3/src/register/register.ts:333:16
    at process.async (node:internal/process/task_queues:96:5)
    at Object.e.deactivate (/home/douball/.vscode/extensions/vscodevim.vim-1.24.3/extension.ts:64:8)
    at async Promise.all (index 25)
    at h._deactivateAll (/opt/visual-studio-code/resources/app/out/vs/workbench/api/node/extensionHostProcess.js:104:10661)
2022-11-16 16:28:59.383 [info] Extension host with pid 122450 exiting with code 0
