2022-11-16 13:39:40.027 [info] Validating found git in: git
2022-11-16 13:39:40.027 [info] Using git 2.38.1 from git
2022-11-16 13:39:40.027 [info] > git rev-parse --show-toplevel [5ms]
2022-11-16 13:39:40.027 [info] > git rev-parse --git-dir --git-common-dir [87ms]
2022-11-16 13:39:40.027 [info] Log level: Info
2022-11-16 13:39:40.027 [info] Open repository: /home/douball/giznam/agrafa-monitoring
2022-11-16 13:39:40.036 [info] > git remote --verbose [17ms]
2022-11-16 13:39:40.037 [info] > git for-each-ref --sort -committerdate --format %(refname) %(objectname) %(*objectname) [24ms]
2022-11-16 13:39:40.041 [info] > git config --get commit.template [7ms]
2022-11-16 13:39:40.065 [info] > git status -z -uall [40ms]
2022-11-16 13:39:40.066 [info] > git for-each-ref --format=%(refname)%00%(upstream:short)%00%(objectname)%00%(upstream:track)%00%(upstream:remotename)%00%(upstream:remoteref) refs/heads/main refs/remotes/main [4ms]
2022-11-16 13:39:40.114 [info] > git remote --verbose [21ms]
2022-11-16 13:39:40.115 [info] > git for-each-ref --sort -committerdate --format %(refname) %(objectname) %(*objectname) [29ms]
2022-11-16 13:39:40.171 [info] > git config --get commit.template [59ms]
2022-11-16 13:39:40.180 [info] > git status -z -uall [80ms]
2022-11-16 13:39:40.348 [info] > git for-each-ref --format=%(refname)%00%(upstream:short)%00%(objectname)%00%(upstream:track)%00%(upstream:remotename)%00%(upstream:remoteref) refs/heads/main refs/remotes/main [159ms]
2022-11-16 13:39:40.563 [info] > git check-ignore -v -z --stdin [5ms]
2022-11-16 13:41:00.422 [info] > git show --textconv :AlertRules/rules/node.yml [367ms]
2022-11-16 13:41:00.434 [info] > git ls-files --stage -- /home/douball/giznam/agrafa-monitoring/AlertRules/rules/node.yml [363ms]
2022-11-16 13:41:00.449 [info] > git cat-file -s 37d1879713893388cf9b9471183e852f11076af1 [3ms]
2022-11-16 13:41:03.685 [info] > git show --textconv :AlertRules/rules/agrafa.yml [7ms]
2022-11-16 13:41:03.686 [info] > git ls-files --stage -- /home/douball/giznam/agrafa-monitoring/AlertRules/rules/agrafa.yml [1ms]
2022-11-16 13:41:03.694 [info] > git cat-file -s 2ee843f102f71b5bc87c6c6095a94038cd418930 [1ms]
2022-11-16 13:41:46.146 [info] > git show --textconv :AlertRules/rules/prometheus.yml [8ms]
2022-11-16 13:41:46.147 [info] > git ls-files --stage -- /home/douball/giznam/agrafa-monitoring/AlertRules/rules/prometheus.yml [1ms]
2022-11-16 13:41:46.448 [info] > git check-ignore -v -z --stdin [1ms]
2022-11-16 13:41:47.007 [info] > git remote --verbose [16ms]
2022-11-16 13:41:47.008 [info] > git for-each-ref --sort -committerdate --format %(refname) %(objectname) %(*objectname) [25ms]
2022-11-16 13:41:47.008 [info] > git config --get commit.template [2ms]
2022-11-16 13:41:47.016 [info] > git status -z -uall [18ms]
2022-11-16 13:41:47.017 [info] > git for-each-ref --format=%(refname)%00%(upstream:short)%00%(objectname)%00%(upstream:track)%00%(upstream:remotename)%00%(upstream:remoteref) refs/heads/main refs/remotes/main [2ms]
2022-11-16 13:41:49.749 [info] > git show --textconv :AlertRules/rules/agrafa.yml [7ms]
2022-11-16 13:41:49.749 [info] > git ls-files --stage -- /home/douball/giznam/agrafa-monitoring/AlertRules/rules/agrafa.yml [1ms]
2022-11-16 13:41:49.764 [info] > git cat-file -s 2ee843f102f71b5bc87c6c6095a94038cd418930 [7ms]
2022-11-16 13:41:57.640 [info] > git show --textconv :AlertRules/rules/prometheus.yml [7ms]
2022-11-16 13:41:57.641 [info] > git ls-files --stage -- /home/douball/giznam/agrafa-monitoring/AlertRules/rules/prometheus.yml [1ms]
2022-11-16 13:42:03.510 [info] > git show --textconv :AlertRules/rules/agrafa.yml [7ms]
2022-11-16 13:42:03.510 [info] > git ls-files --stage -- /home/douball/giznam/agrafa-monitoring/AlertRules/rules/agrafa.yml [1ms]
2022-11-16 13:42:03.518 [info] > git cat-file -s 2ee843f102f71b5bc87c6c6095a94038cd418930 [0ms]
2022-11-16 13:42:05.931 [info] > git show --textconv :AlertRules/rules/prometheus.yml [7ms]
2022-11-16 13:42:05.932 [info] > git ls-files --stage -- /home/douball/giznam/agrafa-monitoring/AlertRules/rules/prometheus.yml [2ms]
2022-11-16 13:42:23.583 [info] > git show --textconv :AlertRules/rules/agrafa.yml [8ms]
2022-11-16 13:42:23.584 [info] > git ls-files --stage -- /home/douball/giznam/agrafa-monitoring/AlertRules/rules/agrafa.yml [1ms]
2022-11-16 13:42:23.591 [info] > git cat-file -s 2ee843f102f71b5bc87c6c6095a94038cd418930 [1ms]
2022-11-16 13:42:26.036 [info] > git show --textconv :AlertRules/rules/prometheus.yml [7ms]
2022-11-16 13:42:26.036 [info] > git ls-files --stage -- /home/douball/giznam/agrafa-monitoring/AlertRules/rules/prometheus.yml [1ms]
2022-11-16 13:43:29.776 [info] > git show --textconv :AlertRules/rules/agrafa.yml [7ms]
2022-11-16 13:43:29.783 [info] > git ls-files --stage -- /home/douball/giznam/agrafa-monitoring/AlertRules/rules/agrafa.yml [7ms]
2022-11-16 13:43:29.790 [info] > git cat-file -s 2ee843f102f71b5bc87c6c6095a94038cd418930 [1ms]
2022-11-16 13:43:39.440 [info] > git show --textconv :AlertRules/rules/prometheus.yml [8ms]
2022-11-16 13:43:39.440 [info] > git ls-files --stage -- /home/douball/giznam/agrafa-monitoring/AlertRules/rules/prometheus.yml [1ms]
2022-11-16 13:44:32.310 [info] > git remote --verbose [19ms]
2022-11-16 13:44:32.311 [info] > git for-each-ref --sort -committerdate --format %(refname) %(objectname) %(*objectname) [30ms]
2022-11-16 13:44:32.312 [info] > git config --get commit.template [1ms]
2022-11-16 13:44:32.321 [info] > git status -z -uall [20ms]
2022-11-16 13:44:32.322 [info] > git for-each-ref --format=%(refname)%00%(upstream:short)%00%(objectname)%00%(upstream:track)%00%(upstream:remotename)%00%(upstream:remoteref) refs/heads/main refs/remotes/main [2ms]
2022-11-16 13:45:08.556 [info] > git remote --verbose [17ms]
2022-11-16 13:45:08.556 [info] > git for-each-ref --sort -committerdate --format %(refname) %(objectname) %(*objectname) [24ms]
2022-11-16 13:45:08.556 [info] > git config --get commit.template [2ms]
2022-11-16 13:45:08.565 [info] > git status -z -uall [20ms]
2022-11-16 13:45:08.566 [info] > git for-each-ref --format=%(refname)%00%(upstream:short)%00%(objectname)%00%(upstream:track)%00%(upstream:remotename)%00%(upstream:remoteref) refs/heads/main refs/remotes/main [1ms]
2022-11-16 13:47:01.937 [info] > git remote --verbose [20ms]
2022-11-16 13:47:01.938 [info] > git for-each-ref --sort -committerdate --format %(refname) %(objectname) %(*objectname) [31ms]
2022-11-16 13:47:01.938 [info] > git config --get commit.template [1ms]
2022-11-16 13:47:01.949 [info] > git status -z -uall [23ms]
2022-11-16 13:47:01.950 [info] > git for-each-ref --format=%(refname)%00%(upstream:short)%00%(objectname)%00%(upstream:track)%00%(upstream:remotename)%00%(upstream:remoteref) refs/heads/main refs/remotes/main [1ms]
2022-11-16 13:47:36.665 [info] > git show --textconv :AlertRules/rules/agrafa.yml [8ms]
2022-11-16 13:47:36.666 [info] > git ls-files --stage -- /home/douball/giznam/agrafa-monitoring/AlertRules/rules/agrafa.yml [1ms]
2022-11-16 13:47:36.673 [info] > git cat-file -s 2ee843f102f71b5bc87c6c6095a94038cd418930 [1ms]
2022-11-16 13:47:38.595 [info] > git show --textconv :AlertRules/rules/prometheus.yml [7ms]
2022-11-16 13:47:38.596 [info] > git ls-files --stage -- /home/douball/giznam/agrafa-monitoring/AlertRules/rules/prometheus.yml [1ms]
2022-11-16 13:47:55.355 [info] > git remote --verbose [13ms]
2022-11-16 13:47:55.355 [info] > git for-each-ref --sort -committerdate --format %(refname) %(objectname) %(*objectname) [21ms]
2022-11-16 13:47:55.357 [info] > git config --get commit.template [1ms]
2022-11-16 13:47:55.363 [info] > git status -z -uall [16ms]
2022-11-16 13:47:55.364 [info] > git for-each-ref --format=%(refname)%00%(upstream:short)%00%(objectname)%00%(upstream:track)%00%(upstream:remotename)%00%(upstream:remoteref) refs/heads/main refs/remotes/main [1ms]
2022-11-16 13:48:49.529 [info] > git remote --verbose [14ms]
2022-11-16 13:48:49.530 [info] > git for-each-ref --sort -committerdate --format %(refname) %(objectname) %(*objectname) [21ms]
2022-11-16 13:48:49.530 [info] > git config --get commit.template [1ms]
2022-11-16 13:48:49.538 [info] > git status -z -uall [16ms]
2022-11-16 13:48:49.538 [info] > git for-each-ref --format=%(refname)%00%(upstream:short)%00%(objectname)%00%(upstream:track)%00%(upstream:remotename)%00%(upstream:remoteref) refs/heads/main refs/remotes/main [1ms]
2022-11-16 13:48:55.706 [info] > git remote --verbose [14ms]
2022-11-16 13:48:55.706 [info] > git for-each-ref --sort -committerdate --format %(refname) %(objectname) %(*objectname) [23ms]
2022-11-16 13:48:55.707 [info] > git config --get commit.template [0ms]
2022-11-16 13:48:55.714 [info] > git status -z -uall [15ms]
2022-11-16 13:48:55.715 [info] > git for-each-ref --format=%(refname)%00%(upstream:short)%00%(objectname)%00%(upstream:track)%00%(upstream:remotename)%00%(upstream:remoteref) refs/heads/main refs/remotes/main [2ms]
2022-11-16 13:49:16.408 [info] > git remote --verbose [18ms]
2022-11-16 13:49:16.408 [info] > git for-each-ref --sort -committerdate --format %(refname) %(objectname) %(*objectname) [26ms]
2022-11-16 13:49:16.409 [info] > git config --get commit.template [1ms]
2022-11-16 13:49:16.416 [info] > git status -z -uall [16ms]
2022-11-16 13:49:16.417 [info] > git for-each-ref --format=%(refname)%00%(upstream:short)%00%(objectname)%00%(upstream:track)%00%(upstream:remotename)%00%(upstream:remoteref) refs/heads/main refs/remotes/main [1ms]
2022-11-16 13:54:31.089 [info] > git remote --verbose [15ms]
2022-11-16 13:54:31.089 [info] > git for-each-ref --sort -committerdate --format %(refname) %(objectname) %(*objectname) [22ms]
2022-11-16 13:54:31.091 [info] > git config --get commit.template [2ms]
2022-11-16 13:54:31.099 [info] > git status -z -uall [18ms]
2022-11-16 13:54:31.099 [info] > git for-each-ref --format=%(refname)%00%(upstream:short)%00%(objectname)%00%(upstream:track)%00%(upstream:remotename)%00%(upstream:remoteref) refs/heads/main refs/remotes/main [1ms]
2022-11-16 13:55:50.353 [info] > git remote --verbose [19ms]
2022-11-16 13:55:50.353 [info] > git for-each-ref --sort -committerdate --format %(refname) %(objectname) %(*objectname) [27ms]
2022-11-16 13:55:50.354 [info] > git config --get commit.template [1ms]
2022-11-16 13:55:50.361 [info] > git status -z -uall [17ms]
2022-11-16 13:55:50.362 [info] > git for-each-ref --format=%(refname)%00%(upstream:short)%00%(objectname)%00%(upstream:track)%00%(upstream:remotename)%00%(upstream:remoteref) refs/heads/main refs/remotes/main [1ms]
2022-11-16 13:55:55.395 [info] > git remote --verbose [15ms]
2022-11-16 13:55:55.395 [info] > git for-each-ref --sort -committerdate --format %(refname) %(objectname) %(*objectname) [22ms]
2022-11-16 13:55:55.395 [info] > git config --get commit.template [1ms]
2022-11-16 13:55:55.402 [info] > git status -z -uall [16ms]
2022-11-16 13:55:55.403 [info] > git for-each-ref --format=%(refname)%00%(upstream:short)%00%(objectname)%00%(upstream:track)%00%(upstream:remotename)%00%(upstream:remoteref) refs/heads/main refs/remotes/main [1ms]
2022-11-16 13:56:46.409 [info] > git remote --verbose [17ms]
2022-11-16 13:56:46.409 [info] > git for-each-ref --sort -committerdate --format %(refname) %(objectname) %(*objectname) [27ms]
2022-11-16 13:56:46.409 [info] > git config --get commit.template [1ms]
2022-11-16 13:56:46.417 [info] > git status -z -uall [18ms]
2022-11-16 13:56:46.418 [info] > git for-each-ref --format=%(refname)%00%(upstream:short)%00%(objectname)%00%(upstream:track)%00%(upstream:remotename)%00%(upstream:remoteref) refs/heads/main refs/remotes/main [1ms]
2022-11-16 13:58:08.394 [info] > git remote --verbose [17ms]
2022-11-16 13:58:08.394 [info] > git for-each-ref --sort -committerdate --format %(refname) %(objectname) %(*objectname) [24ms]
2022-11-16 13:58:08.394 [info] > git config --get commit.template [1ms]
2022-11-16 13:58:08.401 [info] > git status -z -uall [17ms]
2022-11-16 13:58:08.402 [info] > git for-each-ref --format=%(refname)%00%(upstream:short)%00%(objectname)%00%(upstream:track)%00%(upstream:remotename)%00%(upstream:remoteref) refs/heads/main refs/remotes/main [1ms]
2022-11-16 13:58:53.128 [info] > git remote --verbose [16ms]
2022-11-16 13:58:53.128 [info] > git for-each-ref --sort -committerdate --format %(refname) %(objectname) %(*objectname) [26ms]
2022-11-16 13:58:53.129 [info] > git config --get commit.template [1ms]
2022-11-16 13:58:53.137 [info] > git status -z -uall [18ms]
2022-11-16 13:58:53.137 [info] > git for-each-ref --format=%(refname)%00%(upstream:short)%00%(objectname)%00%(upstream:track)%00%(upstream:remotename)%00%(upstream:remoteref) refs/heads/main refs/remotes/main [1ms]
2022-11-16 13:59:38.581 [info] > git remote --verbose [15ms]
2022-11-16 13:59:38.581 [info] > git for-each-ref --sort -committerdate --format %(refname) %(objectname) %(*objectname) [23ms]
2022-11-16 13:59:38.582 [info] > git config --get commit.template [1ms]
2022-11-16 13:59:38.590 [info] > git status -z -uall [17ms]
2022-11-16 13:59:38.590 [info] > git for-each-ref --format=%(refname)%00%(upstream:short)%00%(objectname)%00%(upstream:track)%00%(upstream:remotename)%00%(upstream:remoteref) refs/heads/main refs/remotes/main [1ms]
2022-11-16 14:00:10.784 [info] > git remote --verbose [19ms]
2022-11-16 14:00:10.784 [info] > git for-each-ref --sort -committerdate --format %(refname) %(objectname) %(*objectname) [28ms]
2022-11-16 14:00:10.784 [info] > git config --get commit.template [1ms]
2022-11-16 14:00:10.793 [info] > git status -z -uall [21ms]
2022-11-16 14:00:10.793 [info] > git for-each-ref --format=%(refname)%00%(upstream:short)%00%(objectname)%00%(upstream:track)%00%(upstream:remotename)%00%(upstream:remoteref) refs/heads/main refs/remotes/main [1ms]
2022-11-16 14:02:28.523 [info] > git remote --verbose [25ms]
2022-11-16 14:02:28.523 [info] > git for-each-ref --sort -committerdate --format %(refname) %(objectname) %(*objectname) [38ms]
2022-11-16 14:02:28.523 [info] > git config --get commit.template [1ms]
2022-11-16 14:02:28.532 [info] > git status -z -uall [23ms]
2022-11-16 14:02:28.533 [info] > git for-each-ref --format=%(refname)%00%(upstream:short)%00%(objectname)%00%(upstream:track)%00%(upstream:remotename)%00%(upstream:remoteref) refs/heads/main refs/remotes/main [1ms]
2022-11-16 14:02:51.664 [info] > git show --textconv :AlertRules/rules/agrafa.yml [7ms]
2022-11-16 14:02:51.665 [info] > git ls-files --stage -- /home/douball/giznam/agrafa-monitoring/AlertRules/rules/agrafa.yml [1ms]
2022-11-16 14:02:51.673 [info] > git cat-file -s 2ee843f102f71b5bc87c6c6095a94038cd418930 [1ms]
2022-11-16 14:02:53.037 [info] > git show --textconv :AlertRules/rules/prometheus.yml [7ms]
2022-11-16 14:02:53.038 [info] > git ls-files --stage -- /home/douball/giznam/agrafa-monitoring/AlertRules/rules/prometheus.yml [1ms]
2022-11-16 14:02:59.565 [info] > git remote --verbose [14ms]
2022-11-16 14:02:59.565 [info] > git for-each-ref --sort -committerdate --format %(refname) %(objectname) %(*objectname) [23ms]
2022-11-16 14:02:59.565 [info] > git config --get commit.template [1ms]
2022-11-16 14:02:59.573 [info] > git status -z -uall [16ms]
2022-11-16 14:02:59.574 [info] > git for-each-ref --format=%(refname)%00%(upstream:short)%00%(objectname)%00%(upstream:track)%00%(upstream:remotename)%00%(upstream:remoteref) refs/heads/main refs/remotes/main [2ms]
2022-11-16 14:03:18.833 [info] > git remote --verbose [17ms]
2022-11-16 14:03:18.833 [info] > git for-each-ref --sort -committerdate --format %(refname) %(objectname) %(*objectname) [25ms]
2022-11-16 14:03:18.833 [info] > git config --get commit.template [1ms]
2022-11-16 14:03:18.841 [info] > git status -z -uall [17ms]
2022-11-16 14:03:18.842 [info] > git for-each-ref --format=%(refname)%00%(upstream:short)%00%(objectname)%00%(upstream:track)%00%(upstream:remotename)%00%(upstream:remoteref) refs/heads/main refs/remotes/main [2ms]
2022-11-16 14:03:22.586 [info] > git show --textconv :AlertRules/rules/agrafa.yml [8ms]
2022-11-16 14:03:22.587 [info] > git ls-files --stage -- /home/douball/giznam/agrafa-monitoring/AlertRules/rules/agrafa.yml [1ms]
2022-11-16 14:03:22.594 [info] > git cat-file -s 2ee843f102f71b5bc87c6c6095a94038cd418930 [1ms]
2022-11-16 14:03:23.921 [info] > git show --textconv :AlertRules/rules/prometheus.yml [7ms]
2022-11-16 14:03:23.922 [info] > git ls-files --stage -- /home/douball/giznam/agrafa-monitoring/AlertRules/rules/prometheus.yml [2ms]
2022-11-16 14:03:30.239 [info] > git status -z -uall [12ms]
2022-11-16 14:03:30.239 [info] > git remote --verbose [22ms]
2022-11-16 14:03:30.239 [info] > git for-each-ref --sort -committerdate --format %(refname) %(objectname) %(*objectname) [29ms]
2022-11-16 14:03:30.240 [info] > git config --get commit.template [2ms]
2022-11-16 14:03:30.251 [info] > git for-each-ref --format=%(refname)%00%(upstream:short)%00%(objectname)%00%(upstream:track)%00%(upstream:remotename)%00%(upstream:remoteref) refs/heads/main refs/remotes/main [1ms]
2022-11-16 14:05:10.608 [info] > git remote --verbose [15ms]
2022-11-16 14:05:10.608 [info] > git for-each-ref --sort -committerdate --format %(refname) %(objectname) %(*objectname) [22ms]
2022-11-16 14:05:10.609 [info] > git config --get commit.template [1ms]
2022-11-16 14:05:10.616 [info] > git status -z -uall [16ms]
2022-11-16 14:05:10.617 [info] > git for-each-ref --format=%(refname)%00%(upstream:short)%00%(objectname)%00%(upstream:track)%00%(upstream:remotename)%00%(upstream:remoteref) refs/heads/main refs/remotes/main [1ms]
2022-11-16 14:06:51.036 [info] > git remote --verbose [17ms]
2022-11-16 14:06:51.036 [info] > git for-each-ref --sort -committerdate --format %(refname) %(objectname) %(*objectname) [25ms]
2022-11-16 14:06:51.037 [info] > git config --get commit.template [1ms]
2022-11-16 14:06:51.049 [info] > git status -z -uall [22ms]
2022-11-16 14:06:51.050 [info] > git for-each-ref --format=%(refname)%00%(upstream:short)%00%(objectname)%00%(upstream:track)%00%(upstream:remotename)%00%(upstream:remoteref) refs/heads/main refs/remotes/main [2ms]
2022-11-16 14:07:14.614 [info] > git remote --verbose [22ms]
2022-11-16 14:07:14.614 [info] > git for-each-ref --sort -committerdate --format %(refname) %(objectname) %(*objectname) [32ms]
2022-11-16 14:07:14.614 [info] > git config --get commit.template [1ms]
2022-11-16 14:07:14.622 [info] > git status -z -uall [20ms]
2022-11-16 14:07:14.623 [info] > git for-each-ref --format=%(refname)%00%(upstream:short)%00%(objectname)%00%(upstream:track)%00%(upstream:remotename)%00%(upstream:remoteref) refs/heads/main refs/remotes/main [1ms]
2022-11-16 14:07:51.371 [info] > git remote --verbose [16ms]
2022-11-16 14:07:51.372 [info] > git for-each-ref --sort -committerdate --format %(refname) %(objectname) %(*objectname) [23ms]
2022-11-16 14:07:51.372 [info] > git config --get commit.template [1ms]
2022-11-16 14:07:51.380 [info] > git status -z -uall [17ms]
2022-11-16 14:07:51.381 [info] > git for-each-ref --format=%(refname)%00%(upstream:short)%00%(objectname)%00%(upstream:track)%00%(upstream:remotename)%00%(upstream:remoteref) refs/heads/main refs/remotes/main [1ms]
2022-11-16 14:08:29.841 [info] > git remote --verbose [23ms]
2022-11-16 14:08:29.841 [info] > git for-each-ref --sort -committerdate --format %(refname) %(objectname) %(*objectname) [37ms]
2022-11-16 14:08:29.841 [info] > git status -z -uall [14ms]
2022-11-16 14:08:29.841 [info] > git config --get commit.template [1ms]
2022-11-16 14:08:29.852 [info] > git for-each-ref --format=%(refname)%00%(upstream:short)%00%(objectname)%00%(upstream:track)%00%(upstream:remotename)%00%(upstream:remoteref) refs/heads/main refs/remotes/main [2ms]
2022-11-16 14:08:54.407 [info] > git remote --verbose [18ms]
2022-11-16 14:08:54.407 [info] > git for-each-ref --sort -committerdate --format %(refname) %(objectname) %(*objectname) [28ms]
2022-11-16 14:08:54.407 [info] > git config --get commit.template [1ms]
2022-11-16 14:08:54.420 [info] > git status -z -uall [23ms]
2022-11-16 14:08:54.421 [info] > git for-each-ref --format=%(refname)%00%(upstream:short)%00%(objectname)%00%(upstream:track)%00%(upstream:remotename)%00%(upstream:remoteref) refs/heads/main refs/remotes/main [1ms]
2022-11-16 14:10:04.101 [info] > git remote --verbose [17ms]
2022-11-16 14:10:04.101 [info] > git for-each-ref --sort -committerdate --format %(refname) %(objectname) %(*objectname) [25ms]
2022-11-16 14:10:04.101 [info] > git config --get commit.template [1ms]
2022-11-16 14:10:04.127 [info] > git status -z -uall [34ms]
2022-11-16 14:10:04.128 [info] > git for-each-ref --format=%(refname)%00%(upstream:short)%00%(objectname)%00%(upstream:track)%00%(upstream:remotename)%00%(upstream:remoteref) refs/heads/main refs/remotes/main [1ms]
2022-11-16 14:10:34.785 [info] > git remote --verbose [19ms]
2022-11-16 14:10:34.786 [info] > git for-each-ref --sort -committerdate --format %(refname) %(objectname) %(*objectname) [27ms]
2022-11-16 14:10:34.786 [info] > git config --get commit.template [1ms]
2022-11-16 14:10:34.795 [info] > git status -z -uall [20ms]
2022-11-16 14:10:34.796 [info] > git for-each-ref --format=%(refname)%00%(upstream:short)%00%(objectname)%00%(upstream:track)%00%(upstream:remotename)%00%(upstream:remoteref) refs/heads/main refs/remotes/main [1ms]
2022-11-16 14:11:07.430 [info] > git status -z -uall [17ms]
2022-11-16 14:11:07.430 [info] > git remote --verbose [27ms]
2022-11-16 14:11:07.431 [info] > git for-each-ref --sort -committerdate --format %(refname) %(objectname) %(*objectname) [36ms]
2022-11-16 14:11:07.431 [info] > git config --get commit.template [2ms]
2022-11-16 14:11:07.442 [info] > git for-each-ref --format=%(refname)%00%(upstream:short)%00%(objectname)%00%(upstream:track)%00%(upstream:remotename)%00%(upstream:remoteref) refs/heads/main refs/remotes/main [1ms]
2022-11-16 14:11:34.401 [info] > git remote --verbose [21ms]
2022-11-16 14:11:34.401 [info] > git for-each-ref --sort -committerdate --format %(refname) %(objectname) %(*objectname) [31ms]
2022-11-16 14:11:34.401 [info] > git config --get commit.template [1ms]
2022-11-16 14:11:34.409 [info] > git status -z -uall [19ms]
2022-11-16 14:11:34.410 [info] > git for-each-ref --format=%(refname)%00%(upstream:short)%00%(objectname)%00%(upstream:track)%00%(upstream:remotename)%00%(upstream:remoteref) refs/heads/main refs/remotes/main [1ms]
2022-11-16 14:12:04.475 [info] > git status -z -uall [16ms]
2022-11-16 14:12:04.475 [info] > git remote --verbose [28ms]
2022-11-16 14:12:04.475 [info] > git for-each-ref --sort -committerdate --format %(refname) %(objectname) %(*objectname) [39ms]
2022-11-16 14:12:04.476 [info] > git config --get commit.template [1ms]
2022-11-16 14:12:04.485 [info] > git for-each-ref --format=%(refname)%00%(upstream:short)%00%(objectname)%00%(upstream:track)%00%(upstream:remotename)%00%(upstream:remoteref) refs/heads/main refs/remotes/main [1ms]
2022-11-16 14:12:31.662 [info] > git status -z -uall [17ms]
2022-11-16 14:12:31.662 [info] > git remote --verbose [30ms]
2022-11-16 14:12:31.662 [info] > git for-each-ref --sort -committerdate --format %(refname) %(objectname) %(*objectname) [40ms]
2022-11-16 14:12:31.663 [info] > git config --get commit.template [2ms]
2022-11-16 14:12:31.672 [info] > git for-each-ref --format=%(refname)%00%(upstream:short)%00%(objectname)%00%(upstream:track)%00%(upstream:remotename)%00%(upstream:remoteref) refs/heads/main refs/remotes/main [1ms]
2022-11-16 14:14:10.847 [info] > git remote --verbose [16ms]
2022-11-16 14:14:10.847 [info] > git for-each-ref --sort -committerdate --format %(refname) %(objectname) %(*objectname) [27ms]
2022-11-16 14:14:10.847 [info] > git config --get commit.template [1ms]
2022-11-16 14:14:10.855 [info] > git status -z -uall [17ms]
2022-11-16 14:14:10.856 [info] > git for-each-ref --format=%(refname)%00%(upstream:short)%00%(objectname)%00%(upstream:track)%00%(upstream:remotename)%00%(upstream:remoteref) refs/heads/main refs/remotes/main [1ms]
2022-11-16 14:14:53.457 [info] > git remote --verbose [20ms]
2022-11-16 14:14:53.458 [info] > git for-each-ref --sort -committerdate --format %(refname) %(objectname) %(*objectname) [28ms]
2022-11-16 14:14:53.458 [info] > git config --get commit.template [2ms]
2022-11-16 14:14:53.468 [info] > git status -z -uall [20ms]
2022-11-16 14:14:53.470 [info] > git for-each-ref --format=%(refname)%00%(upstream:short)%00%(objectname)%00%(upstream:track)%00%(upstream:remotename)%00%(upstream:remoteref) refs/heads/main refs/remotes/main [2ms]
2022-11-16 14:14:55.234 [info] > git show --textconv :AlertRules/rules/agrafa.yml [11ms]
2022-11-16 14:14:55.235 [info] > git ls-files --stage -- /home/douball/giznam/agrafa-monitoring/AlertRules/rules/agrafa.yml [2ms]
2022-11-16 14:14:55.245 [info] > git cat-file -s 2ee843f102f71b5bc87c6c6095a94038cd418930 [1ms]
2022-11-16 14:14:59.273 [info] > git show --textconv :AlertRules/rules/prometheus.yml [10ms]
2022-11-16 14:14:59.273 [info] > git ls-files --stage -- /home/douball/giznam/agrafa-monitoring/AlertRules/rules/prometheus.yml [1ms]
2022-11-16 14:15:41.488 [info] > git remote --verbose [24ms]
2022-11-16 14:15:41.488 [info] > git for-each-ref --sort -committerdate --format %(refname) %(objectname) %(*objectname) [38ms]
2022-11-16 14:15:41.488 [info] > git config --get commit.template [1ms]
2022-11-16 14:15:41.496 [info] > git status -z -uall [18ms]
2022-11-16 14:15:41.497 [info] > git for-each-ref --format=%(refname)%00%(upstream:short)%00%(objectname)%00%(upstream:track)%00%(upstream:remotename)%00%(upstream:remoteref) refs/heads/main refs/remotes/main [1ms]
2022-11-16 14:20:17.140 [info] > git status -z -uall [17ms]
2022-11-16 14:20:17.140 [info] > git remote --verbose [27ms]
2022-11-16 14:20:17.140 [info] > git for-each-ref --sort -committerdate --format %(refname) %(objectname) %(*objectname) [38ms]
2022-11-16 14:20:17.140 [info] > git config --get commit.template [1ms]
2022-11-16 14:20:17.149 [info] > git for-each-ref --format=%(refname)%00%(upstream:short)%00%(objectname)%00%(upstream:track)%00%(upstream:remotename)%00%(upstream:remoteref) refs/heads/main refs/remotes/main [1ms]
2022-11-16 14:23:31.673 [info] > git remote --verbose [22ms]
2022-11-16 14:23:31.673 [info] > git for-each-ref --sort -committerdate --format %(refname) %(objectname) %(*objectname) [36ms]
2022-11-16 14:23:31.674 [info] > git status -z -uall [12ms]
2022-11-16 14:23:31.674 [info] > git config --get commit.template [1ms]
2022-11-16 14:23:31.682 [info] > git for-each-ref --format=%(refname)%00%(upstream:short)%00%(objectname)%00%(upstream:track)%00%(upstream:remotename)%00%(upstream:remoteref) refs/heads/main refs/remotes/main [1ms]
2022-11-16 14:26:17.945 [info] > git remote --verbose [15ms]
2022-11-16 14:26:17.945 [info] > git for-each-ref --sort -committerdate --format %(refname) %(objectname) %(*objectname) [22ms]
2022-11-16 14:26:17.945 [info] > git config --get commit.template [1ms]
2022-11-16 14:26:17.956 [info] > git status -z -uall [20ms]
2022-11-16 14:26:17.957 [info] > git for-each-ref --format=%(refname)%00%(upstream:short)%00%(objectname)%00%(upstream:track)%00%(upstream:remotename)%00%(upstream:remoteref) refs/heads/main refs/remotes/main [1ms]
2022-11-16 14:27:27.024 [info] > git remote --verbose [18ms]
2022-11-16 14:27:27.024 [info] > git for-each-ref --sort -committerdate --format %(refname) %(objectname) %(*objectname) [25ms]
2022-11-16 14:27:27.025 [info] > git config --get commit.template [1ms]
2022-11-16 14:27:27.034 [info] > git status -z -uall [21ms]
2022-11-16 14:27:27.034 [info] > git for-each-ref --format=%(refname)%00%(upstream:short)%00%(objectname)%00%(upstream:track)%00%(upstream:remotename)%00%(upstream:remoteref) refs/heads/main refs/remotes/main [1ms]
2022-11-16 14:27:37.810 [info] > git status -z -uall [14ms]
2022-11-16 14:27:37.810 [info] > git remote --verbose [27ms]
2022-11-16 14:27:37.810 [info] > git for-each-ref --sort -committerdate --format %(refname) %(objectname) %(*objectname) [38ms]
2022-11-16 14:27:37.811 [info] > git config --get commit.template [2ms]
2022-11-16 14:27:37.822 [info] > git for-each-ref --format=%(refname)%00%(upstream:short)%00%(objectname)%00%(upstream:track)%00%(upstream:remotename)%00%(upstream:remoteref) refs/heads/main refs/remotes/main [1ms]
2022-11-16 14:30:59.244 [info] > git remote --verbose [22ms]
2022-11-16 14:30:59.244 [info] > git for-each-ref --sort -committerdate --format %(refname) %(objectname) %(*objectname) [34ms]
2022-11-16 14:30:59.244 [info] > git config --get commit.template [2ms]
2022-11-16 14:30:59.254 [info] > git status -z -uall [22ms]
2022-11-16 14:30:59.254 [info] > git for-each-ref --format=%(refname)%00%(upstream:short)%00%(objectname)%00%(upstream:track)%00%(upstream:remotename)%00%(upstream:remoteref) refs/heads/main refs/remotes/main [1ms]
