2022-11-16 10:49:04.132 [info] Validating found git in: git
2022-11-16 10:49:04.132 [info] Using git 2.38.1 from git
2022-11-16 10:49:04.132 [info] > git rev-parse --show-toplevel [52ms]
2022-11-16 10:49:04.193 [info] > git rev-parse --git-dir --git-common-dir [66ms]
2022-11-16 10:49:04.200 [info] Log level: Info
2022-11-16 10:49:04.200 [info] Open repository: /home/douball/giznam/agrafa-monitoring
2022-11-16 10:49:04.456 [info] > git status -z -uall [236ms]
2022-11-16 10:49:04.461 [info] > git rev-parse --show-toplevel [234ms]
2022-11-16 10:49:04.469 [info] > git remote --verbose [257ms]
2022-11-16 10:49:04.470 [info] > git for-each-ref --sort -committerdate --format %(refname) %(objectname) %(*objectname) [264ms]
2022-11-16 10:49:04.474 [info] > git rev-parse --show-toplevel [4ms]
2022-11-16 10:49:04.482 [info] > git config --get commit.template [156ms]
2022-11-16 10:49:04.494 [info] > git rev-parse --show-toplevel [14ms]
2022-11-16 10:49:04.600 [info] > git for-each-ref --format=%(refname)%00%(upstream:short)%00%(objectname)%00%(upstream:track)%00%(upstream:remotename)%00%(upstream:remoteref) refs/heads/main refs/remotes/main [94ms]
2022-11-16 10:49:04.713 [info] > git remote --verbose [76ms]
2022-11-16 10:49:04.713 [info] > git for-each-ref --sort -committerdate --format %(refname) %(objectname) %(*objectname) [96ms]
2022-11-16 10:49:04.784 [info] > git status -z -uall [140ms]
2022-11-16 10:49:04.814 [info] > git config --get commit.template [143ms]
2022-11-16 10:49:04.875 [info] > git check-ignore -v -z --stdin [34ms]
2022-11-16 10:49:04.877 [info] > git for-each-ref --format=%(refname)%00%(upstream:short)%00%(objectname)%00%(upstream:track)%00%(upstream:remotename)%00%(upstream:remoteref) refs/heads/main refs/remotes/main [27ms]
2022-11-16 10:49:14.218 [info] > git show --textconv :AutoDiscovery/main.py [139ms]
2022-11-16 10:49:14.259 [info] > git ls-files --stage -- /home/douball/giznam/agrafa-monitoring/AutoDiscovery/main.py [171ms]
2022-11-16 10:49:14.314 [info] > git cat-file -s f866ce1c2c214929a5f66f756dbbff2ff31ec256 [39ms]
2022-11-16 10:49:17.464 [info] > git check-ignore -v -z --stdin [1ms]
2022-11-16 10:49:18.636 [info] > git show --textconv :AutoDiscovery/configuration/config.yml [14ms]
2022-11-16 10:49:18.659 [info] > git ls-files --stage -- /home/douball/giznam/agrafa-monitoring/AutoDiscovery/configuration/config.yml [23ms]
2022-11-16 10:49:18.802 [info] > git cat-file -s 5e5867a7a6e85a2a5bfae282553f7ad76d91c8a9 [128ms]
2022-11-16 10:49:40.295 [info] > git check-ignore -v -z --stdin [1ms]
2022-11-16 10:49:41.392 [info] > git show --textconv :AutoDiscovery/lib/mapy_dc.py [8ms]
2022-11-16 10:49:41.393 [info] > git ls-files --stage -- /home/douball/giznam/agrafa-monitoring/AutoDiscovery/lib/mapy_dc.py [3ms]
2022-11-16 10:49:41.403 [info] > git cat-file -s 941139e9a8294cca4dec5d06b174cec1b9c088ba [1ms]
2022-11-16 10:49:50.212 [info] > git show --textconv :AutoDiscovery/lib/tools.py [8ms]
2022-11-16 10:49:50.213 [info] > git ls-files --stage -- /home/douball/giznam/agrafa-monitoring/AutoDiscovery/lib/tools.py [2ms]
2022-11-16 10:49:50.221 [info] > git cat-file -s 9f9c3842e9ac0649db92a4517d46b1507fdefb30 [1ms]
2022-11-16 10:49:51.287 [info] > git show --textconv :AutoDiscovery/lib/logger.py [14ms]
2022-11-16 10:49:51.288 [info] > git ls-files --stage -- /home/douball/giznam/agrafa-monitoring/AutoDiscovery/lib/logger.py [2ms]
2022-11-16 10:49:51.312 [info] > git cat-file -s 7082f69ea7e974878cb8b0038f440add4dbf82d7 [12ms]
2022-11-16 10:50:27.580 [info] > git show --textconv :AutoDiscovery/lib/mapy_dc.py [8ms]
2022-11-16 10:50:27.580 [info] > git ls-files --stage -- /home/douball/giznam/agrafa-monitoring/AutoDiscovery/lib/mapy_dc.py [1ms]
2022-11-16 10:50:27.587 [info] > git cat-file -s 941139e9a8294cca4dec5d06b174cec1b9c088ba [1ms]
2022-11-16 10:51:13.565 [info] > git remote --verbose [13ms]
2022-11-16 10:51:13.566 [info] > git for-each-ref --sort -committerdate --format %(refname) %(objectname) %(*objectname) [20ms]
2022-11-16 10:51:13.574 [info] > git config --get commit.template [8ms]
2022-11-16 10:51:13.574 [info] > git status -z -uall [16ms]
2022-11-16 10:51:13.583 [info] > git for-each-ref --format=%(refname)%00%(upstream:short)%00%(objectname)%00%(upstream:track)%00%(upstream:remotename)%00%(upstream:remoteref) refs/heads/main refs/remotes/main [1ms]
2022-11-16 10:51:25.840 [info] > git show --textconv :AutoDiscovery/main.py [18ms]
2022-11-16 10:51:25.841 [info] > git ls-files --stage -- /home/douball/giznam/agrafa-monitoring/AutoDiscovery/main.py [10ms]
2022-11-16 10:51:25.853 [info] > git cat-file -s f866ce1c2c214929a5f66f756dbbff2ff31ec256 [1ms]
2022-11-16 10:51:53.824 [info] > git show --textconv :AutoDiscovery/configuration/config.yml [8ms]
2022-11-16 10:51:53.824 [info] > git ls-files --stage -- /home/douball/giznam/agrafa-monitoring/AutoDiscovery/configuration/config.yml [1ms]
2022-11-16 10:51:53.831 [info] > git cat-file -s 5e5867a7a6e85a2a5bfae282553f7ad76d91c8a9 [1ms]
2022-11-16 10:52:08.202 [info] > git check-ignore -v -z --stdin [2ms]
2022-11-16 10:52:12.880 [info] > git remote --verbose [22ms]
2022-11-16 10:52:12.880 [info] > git for-each-ref --sort -committerdate --format %(refname) %(objectname) %(*objectname) [28ms]
2022-11-16 10:52:12.881 [info] > git status -z -uall [15ms]
2022-11-16 10:52:12.882 [info] > git config --get commit.template [3ms]
2022-11-16 10:52:12.894 [info] > git for-each-ref --format=%(refname)%00%(upstream:short)%00%(objectname)%00%(upstream:track)%00%(upstream:remotename)%00%(upstream:remoteref) refs/heads/main refs/remotes/main [2ms]
2022-11-16 10:52:16.136 [info] > git show --textconv :AutoDiscovery/main.py [8ms]
2022-11-16 10:52:16.137 [info] > git ls-files --stage -- /home/douball/giznam/agrafa-monitoring/AutoDiscovery/main.py [1ms]
2022-11-16 10:52:16.148 [info] > git cat-file -s f866ce1c2c214929a5f66f756dbbff2ff31ec256 [1ms]
2022-11-16 10:52:21.229 [info] > git show --textconv :AutoDiscovery/lib/mapy_dc.py [10ms]
2022-11-16 10:52:21.230 [info] > git ls-files --stage -- /home/douball/giznam/agrafa-monitoring/AutoDiscovery/lib/mapy_dc.py [1ms]
2022-11-16 10:52:21.239 [info] > git cat-file -s 941139e9a8294cca4dec5d06b174cec1b9c088ba [3ms]
2022-11-16 11:03:27.199 [info] > git show --textconv :AutoDiscovery/main.py [12ms]
2022-11-16 11:03:27.203 [info] > git ls-files --stage -- /home/douball/giznam/agrafa-monitoring/AutoDiscovery/main.py [4ms]
2022-11-16 11:03:27.220 [info] > git cat-file -s f866ce1c2c214929a5f66f756dbbff2ff31ec256 [2ms]
2022-11-16 11:04:14.852 [info] > git show --textconv :AutoDiscovery/configuration/config.yml [7ms]
2022-11-16 11:04:14.852 [info] > git ls-files --stage -- /home/douball/giznam/agrafa-monitoring/AutoDiscovery/configuration/config.yml [1ms]
2022-11-16 11:04:14.860 [info] > git cat-file -s 5e5867a7a6e85a2a5bfae282553f7ad76d91c8a9 [0ms]
2022-11-16 11:04:24.225 [info] > git show --textconv :AutoDiscovery/lib/mapy_dc.py [7ms]
2022-11-16 11:04:24.225 [info] > git ls-files --stage -- /home/douball/giznam/agrafa-monitoring/AutoDiscovery/lib/mapy_dc.py [1ms]
2022-11-16 11:04:24.235 [info] > git cat-file -s 941139e9a8294cca4dec5d06b174cec1b9c088ba [1ms]
2022-11-16 11:06:10.616 [info] > git check-ignore -v -z --stdin [2ms]
2022-11-16 13:39:37.737 [info] > git remote --verbose [26ms]
2022-11-16 13:39:37.737 [info] > git for-each-ref --sort -committerdate --format %(refname) %(objectname) %(*objectname) [41ms]
2022-11-16 13:39:37.750 [info] > git status -z -uall [31ms]
2022-11-16 13:39:37.751 [info] > git config --get commit.template [14ms]
2022-11-16 13:39:37.751 [info] > git ls-files --stage -- /home/douball/giznam/agrafa-monitoring/AutoDiscovery/lib/mapy_dc.py [2ms]
2022-11-16 13:39:37.769 [info] > git cat-file -s 882a8e314089525c255b35ea9713bf67f768bec2 [8ms]
2022-11-16 13:39:37.770 [info] > git for-each-ref --format=%(refname)%00%(upstream:short)%00%(objectname)%00%(upstream:track)%00%(upstream:remotename)%00%(upstream:remoteref) refs/heads/main refs/remotes/main [1ms]
2022-11-16 13:39:37.786 [info] > git show --textconv :AutoDiscovery/lib/mapy_dc.py [2ms]
