2022-11-16 13:39:38.254 [info] Added views:workbench.panel.markers.view in workbench.panel.markers
2022-11-16 13:39:38.254 [info] Added views:workbench.panel.output in workbench.panel.output
2022-11-16 13:39:38.254 [info] Added views:terminal in terminal
2022-11-16 13:39:38.254 [info] Added views:outline in workbench.view.explorer
2022-11-16 13:39:38.254 [info] Added views:workbench.scm in workbench.view.scm
2022-11-16 13:39:38.254 [info] Added views:workbench.view.search in workbench.view.search
2022-11-16 13:39:38.254 [info] Added views:timeline in workbench.view.explorer
2022-11-16 13:39:38.254 [info] Added views:workbench.explorer.fileView in workbench.view.explorer
2022-11-16 13:39:38.254 [info] Added views:workbench.debug.variablesView,workbench.debug.watchExpressionsView,workbench.debug.callStackView,workbench.debug.breakPointsView in workbench.view.debug
2022-11-16 13:39:39.035 [info] Added views:pythonEnvironments in workbench.view.extension.package-explorer
2022-11-16 13:39:39.037 [info] Added views:gitlens.views.commits,gitlens.views.commitDetails,gitlens.views.fileHistory,gitlens.views.branches,gitlens.views.remotes,gitlens.views.stashes,gitlens.views.tags,gitlens.views.searchAndCompare in workbench.view.scm
2022-11-16 13:39:39.039 [info] Added views:terraform.providers,terraform.modules in workbench.view.extension.terraform
2022-11-16 13:39:39.041 [info] Added views:extension.vsKubernetesExplorer,extension.vsKubernetesHelmRepoExplorer,kubernetes.cloudExplorer in workbench.view.extension.kubernetesView
2022-11-16 13:39:39.042 [info] Added views:jupyterViewVariables in workbench.view.extension.jupyter-variables
2022-11-16 13:39:39.042 [info] Added views:cell-tag in workbench.view.extension.jupyter
2022-11-16 13:39:39.043 [info] Added views:targetsContainers,devVolumes in workbench.view.remote
2022-11-16 13:39:39.045 [info] Added views:remoteTargets in workbench.view.remote
2022-11-16 13:39:39.054 [info] Added views:sqltoolsViewConnectionExplorer,sqltoolsViewBookmarksExplorer,sqltoolsViewHistoryExplorer in workbench.view.extension.sqltoolsActivityBarContainer
2022-11-16 13:39:39.058 [info] Added views:sqltoolsViewConsoleMessages in workbench.view.extension.sqltoolsPanelContainer
2022-11-16 13:39:39.058 [info] Added views:platformio-debug.peripherals,platformio-debug.registers,platformio-debug.memory,platformio-debug.disassembly in workbench.view.debug
2022-11-16 13:39:39.556 [info] Added views:workbench.panel.repl.view in workbench.panel.repl
2022-11-16 13:39:39.557 [info] Removed views:workbench.debug.breakPointsView,workbench.debug.callStackView,workbench.debug.watchExpressionsView,workbench.debug.variablesView from workbench.view.debug
2022-11-16 13:39:39.558 [info] Added views:workbench.debug.welcome in workbench.view.debug
2022-11-16 13:39:40.582 [info] Added views:gitlens.views.timeline in workbench.view.extension.gitlensPanel
2022-11-16 13:39:40.586 [info] Added views:gitlens.views.home in workbench.view.extension.gitlens
2022-11-16 13:39:40.587 [info] Added views:gitlens.views.worktrees in workbench.view.scm
2022-11-16 13:39:42.464 [info] Added views:platformio-activitybar.quickAccess in workbench.view.extension.platformio
