2022-11-16 10:49:02.660 [info] Extension host with pid 58650 started
2022-11-16 10:49:02.660 [info] Skipping acquiring lock for /home/douball/.config/Code/User/workspaceStorage/6ae338e65d03f4f059289900cd3c7c29.
2022-11-16 10:49:02.775 [info] ExtensionService#_doActivateExtension vscode.microsoft-authentication, startup: false, activationEvent: 'onAuthenticationRequest:microsoft'
2022-11-16 10:49:02.776 [info] ExtensionService#_doActivateExtension vscode.git-base, startup: true, activationEvent: '*', root cause: vscode.git
2022-11-16 10:49:02.776 [info] ExtensionService#_doActivateExtension donjayamanne.githistory, startup: true, activationEvent: '*'
2022-11-16 10:49:02.776 [info] ExtensionService#_doActivateExtension formulahendry.terminal, startup: true, activationEvent: '*'
2022-11-16 10:49:02.776 [info] ExtensionService#_doActivateExtension kiteco.kite, startup: true, activationEvent: '*'
2022-11-16 10:49:02.776 [info] ExtensionService#_doActivateExtension mhutchie.git-graph, startup: true, activationEvent: '*'
2022-11-16 10:49:02.776 [info] ExtensionService#_doActivateExtension mtxr.sqltools, startup: true, activationEvent: '*'
2022-11-16 10:49:02.777 [info] ExtensionService#_doActivateExtension ms-vscode.cpptools, startup: true, activationEvent: '*', root cause: platformio.platformio-ide
2022-11-16 10:49:02.777 [info] ExtensionService#_doActivateExtension vscodevim.vim, startup: true, activationEvent: '*'
2022-11-16 10:49:02.777 [info] ExtensionService#_doActivateExtension ms-python.python, startup: true, activationEvent: 'workspaceContains:requirements.txt'
2022-11-16 10:49:03.642 [info] ExtensionService#_doActivateExtension vscode.git, startup: true, activationEvent: '*'
2022-11-16 10:49:03.642 [info] ExtensionService#_doActivateExtension vscode.github, startup: true, activationEvent: '*'
2022-11-16 10:49:03.642 [info] ExtensionService#_doActivateExtension mtxr.sqltools-driver-mysql, startup: true, activationEvent: '*'
2022-11-16 10:49:03.642 [info] ExtensionService#_doActivateExtension mtxr.sqltools-driver-pg, startup: true, activationEvent: '*'
2022-11-16 10:49:03.642 [info] ExtensionService#_doActivateExtension mtxr.sqltools-driver-sqlite, startup: true, activationEvent: '*'
2022-11-16 10:49:03.714 [info] ExtensionService#_doActivateExtension platformio.platformio-ide, startup: true, activationEvent: '*'
2022-11-16 10:49:04.070 [info] ExtensionService#_doActivateExtension ms-python.isort, startup: true, activationEvent: 'workspaceContains:*.py'
2022-11-16 10:49:04.135 [info] Eager extensions activated
2022-11-16 10:49:04.327 [info] ExtensionService#_doActivateExtension vscode.github-authentication, startup: false, activationEvent: 'onAuthenticationRequest:github'
2022-11-16 10:49:04.327 [info] ExtensionService#_doActivateExtension vscode.debug-auto-launch, startup: false, activationEvent: 'onStartupFinished'
2022-11-16 10:49:04.327 [info] ExtensionService#_doActivateExtension vscode.emmet, startup: false, activationEvent: 'onStartupFinished'
2022-11-16 10:49:04.327 [info] ExtensionService#_doActivateExtension vscode.merge-conflict, startup: false, activationEvent: 'onStartupFinished'
2022-11-16 10:49:04.327 [info] ExtensionService#_doActivateExtension aaron-bond.better-comments, startup: false, activationEvent: 'onStartupFinished'
2022-11-16 10:49:04.328 [info] ExtensionService#_doActivateExtension eamodio.gitlens, startup: false, activationEvent: 'onStartupFinished'
2022-11-16 10:49:04.328 [info] ExtensionService#_doActivateExtension ms-vscode-remote.remote-containers, startup: false, activationEvent: 'onStartupFinished'
2022-11-16 10:49:04.328 [info] ExtensionService#_doActivateExtension ms-vscode-remote.remote-wsl, startup: false, activationEvent: 'onStartupFinished'
2022-11-16 10:49:04.328 [info] ExtensionService#_doActivateExtension waderyan.gitblame, startup: false, activationEvent: 'onStartupFinished'
2022-11-16 10:49:12.651 [info] ExtensionService#_doActivateExtension batisteo.vscode-django, startup: false, activationEvent: 'onLanguage:python'
2022-11-16 10:49:12.652 [info] ExtensionService#_doActivateExtension KevinRose.vsc-python-indent, startup: false, activationEvent: 'onLanguage:python'
2022-11-16 10:49:12.652 [info] ExtensionService#_doActivateExtension ms-python.vscode-pylance, startup: false, activationEvent: 'onLanguage:python'
2022-11-16 10:49:12.652 [info] ExtensionService#_doActivateExtension ms-toolsai.jupyter, startup: false, activationEvent: 'onLanguage:python'
2022-11-16 10:49:12.652 [info] ExtensionService#_doActivateExtension njpwerner.autodocstring, startup: false, activationEvent: 'onLanguage:python'
2022-11-16 10:49:12.652 [info] ExtensionService#_doActivateExtension VisualStudioExptTeam.intellicode-api-usage-examples, startup: false, activationEvent: 'onLanguage:python'
2022-11-16 10:49:12.653 [info] ExtensionService#_doActivateExtension VisualStudioExptTeam.vscodeintellicode, startup: false, activationEvent: 'onLanguage:python'
2022-11-16 10:49:14.090 [info] ExtensionService#_doActivateExtension ms-toolsai.jupyter-renderers, startup: false, activationEvent: 'api', root cause: ms-toolsai.jupyter
2022-11-16 10:49:14.460 [info] ExtensionService#_doActivateExtension GrapeCity.gc-excelviewer, startup: false, activationEvent: 'onLanguage:plaintext'
2022-11-16 10:49:17.889 [warning] TextEditor is closed/disposed
2022-11-16 10:49:17.992 [info] ExtensionService#_doActivateExtension redhat.vscode-yaml, startup: false, activationEvent: 'onLanguage:yaml', root cause: ms-kubernetes-tools.vscode-kubernetes-tools
2022-11-16 10:49:18.064 [info] ExtensionService#_doActivateExtension ms-kubernetes-tools.vscode-kubernetes-tools, startup: false, activationEvent: 'onLanguage:yaml'
2022-11-16 10:49:18.791 [warning] [redhat.vscode-yaml] Accessing a resource scoped configuration without providing a resource is not expected. To get the effective value for '[yaml]', provide the URI of a resource or 'null' for any resource.
2022-11-16 10:49:18.812 [warning] [redhat.vscode-yaml] Accessing a resource scoped configuration without providing a resource is not expected. To get the effective value for '[yaml]', provide the URI of a resource or 'null' for any resource.
2022-11-16 10:49:41.145 [warning] TextEditor is closed/disposed
2022-11-16 10:49:49.972 [warning] TextEditor is closed/disposed
2022-11-16 10:49:51.042 [warning] TextEditor is closed/disposed
2022-11-16 10:50:27.340 [warning] TextEditor is closed/disposed
2022-11-16 10:51:25.548 [warning] TextEditor is closed/disposed
2022-11-16 10:51:53.577 [warning] TextEditor is closed/disposed
2022-11-16 10:52:15.890 [warning] TextEditor is closed/disposed
2022-11-16 10:52:21.024 [warning] TextEditor is closed/disposed
2022-11-16 11:03:27.004 [warning] TextEditor is closed/disposed
2022-11-16 11:04:14.596 [warning] TextEditor is closed/disposed
2022-11-16 11:04:24.043 [warning] TextEditor is closed/disposed
2022-11-16 13:39:38.974 [info] Extension host terminating: received terminate message from renderer
2022-11-16 13:39:39.051 [warning] {"name":"Canceled"}
2022-11-16 13:39:39.077 [info] Extension host with pid 58650 exiting with code 0
