[1668602379751] INFO  (ext): SQLTools is starting
[1668602379752] INFO  (ext): initializing language client...
[1668602379755] INFO  (ext): Registering client for languages [{"scheme":"sqltools"},{"language":"sql","scheme":"untitled"},{"language":"sql","scheme":"file"},{"language":"sql","scheme":"sqltools"}]
    ns: "lc"
[1668602379761] INFO  (ext): loading plugins...
[1668602379761] INFO  (ext): registering Formatter Plugin.
    plugin: {
      "name": "Formatter Plugin"
    }
[1668602379762] INFO  (ext): registering Connection Manager Plugin.
    plugin: {
      "name": "Connection Manager Plugin"
    }
[1668602379762] INFO  (ext): registering CodeLens Plugin.
    plugin: {
      "name": "CodeLens Plugin",
      "registeredLanguages": []
    }
[1668602379762] INFO  (ext): registering Dependency Manager Plugin.
    plugin: {
      "name": "Dependency Manager Plugin",
      "installingDrivers": []
    }
[1668602379763] INFO  (ext): Connection explorer changed. Will be updated.
    ns: "conn-man:explorer"
[1668602379763] INFO  (ext): registering History Manager Plugin.
    plugin: {
      "name": "History Manager Plugin"
    }
[1668602379764] INFO  (ext): registering Bookmarks Manager Plugin.
    plugin: {
      "name": "Bookmarks Manager Plugin"
    }
[1668602379764] INFO  (ext): SQLTools activation completed. 12.96981 ms
[1668602379764] INFO  (ext): Formatter Plugin registered!
[1668602379764] INFO  (ext): CodeLens Plugin registered!
[1668602379764] INFO  (ext): Dependency Manager Plugin registered!
[1668602379764] INFO  (ext): Connection Manager Plugin registered!
[1668602379764] INFO  (ext): History Manager Plugin registered!
[1668602379764] INFO  (ext): Bookmarks Manager Plugin registered!
[1668602379887] INFO  (ext): registering MySQL/MariaDB Plugin (driver).
    plugin: {
      "extensionId": "mtxr.sqltools-driver-mysql",
      "name": "MySQL/MariaDB Plugin",
      "type": "driver"
    }
[1668602379888] INFO  (ext): registering PostgreSQL/Cockroach Plugin (driver).
    plugin: {
      "extensionId": "mtxr.sqltools-driver-pg",
      "name": "PostgreSQL/Cockroach Plugin",
      "type": "driver"
    }
[1668602379888] INFO  (ext): registering SQLite Plugin (driver).
    plugin: {
      "extensionId": "mtxr.sqltools-driver-sqlite",
      "name": "SQLite Plugin",
      "type": "driver"
    }
[1668602379972] INFO  (ls): SQLTools Server started!
===============================
Using node runtime?: no
ExecPath: /opt/visual-studio-code/code 
===============================
[1668602380002] INFO  (ext): LanguageClient ready
    ns: "lc"
[1668602380002] INFO  (ls): Initialized with node version:v16.14.2
[1668602380004] INFO  (ls): REQUEST RECEIVED => ls/RegisterPlugin
[1668602380004] INFO  (ls): request to register plugin: "/home/douball/.vscode/extensions/mtxr.sqltools-driver-mysql-0.4.1/out/ls/plugin.js"
[1668602380117] INFO  (ls): Driver mysql registered!
    place: "driver-map"
    ns: "ls-context"
[1668602380118] INFO  (ls): Driver mariadb registered!
    place: "driver-map"
    ns: "ls-context"
[1668602380118] INFO  (ls): REQUEST RECEIVED => ls/RegisterPlugin
[1668602380118] INFO  (ls): request to register plugin: "/home/douball/.vscode/extensions/mtxr.sqltools-driver-pg-0.4.0/out/ls/plugin.js"
[1668602380162] INFO  (ls): Driver postgresql registered!
    place: "driver-map"
    ns: "ls-context"
[1668602380162] INFO  (ls): Driver aws redshift registered!
    place: "driver-map"
    ns: "ls-context"
[1668602380162] INFO  (ls): Driver cockroachdb registered!
    place: "driver-map"
    ns: "ls-context"
[1668602380163] INFO  (ls): REQUEST RECEIVED => ls/RegisterPlugin
[1668602380163] INFO  (ls): request to register plugin: "/home/douball/.vscode/extensions/mtxr.sqltools-driver-sqlite-0.4.1/out/ls/plugin.js"
[1668602380170] INFO  (ext): MySQL/MariaDB Plugin (driver) registered!
[1668602380180] INFO  (ext): PostgreSQL/Cockroach Plugin (driver) registered!
[1668602380193] INFO  (ls): Driver sqlite registered!
    place: "driver-map"
    ns: "ls-context"
[1668602380348] INFO  (ext): SQLite Plugin (driver) registered!
[1668602381350] INFO  (ext): EXECUTING COMMAND => sqltools.refreshTree
[1668602381350] INFO  (ext): Connection explorer changed. Will be updated.
    ns: "conn-man:explorer"
[1668602381763] INFO  (ext): Connection explorer changed. Will be updated.
    ns: "conn-man:explorer"
[1668602459803] INFO  (ext): Connection explorer changed. Will be updated.
    ns: "conn-man:explorer"
[1668602463479] INFO  (ext): Connection explorer changed. Will be updated.
    ns: "conn-man:explorer"
[1668602505936] INFO  (ext): Connection explorer changed. Will be updated.
    ns: "conn-man:explorer"
