Name: isort
Module: isort
Python extension loading
Waiting for interpreter from python extension.
Python extension loaded
Name or version is not set. This will be mandatory: https://github.com/openlawlibrary/pygls/pull/276
CWD Server: /home/douball/giznam/agrafa-monitoring/AutoDiscovery
sys.path used to run Server:
   /home/douball/.vscode/extensions/ms-python.isort-2022.6.0/bundled/libs
   /home/douball/.vscode/extensions/ms-python.isort-2022.6.0/bundled/tool
   /usr/lib/python310.zip
   /usr/lib/python3.10
   /usr/lib/python3.10/lib-dynload
   /home/douball/.local/lib/python3.10/site-packages
   /usr/lib/python3.10/site-packages
Settings used to run Server:
[
    {
        "check": false,
        "workspace": "file:///home/douball/giznam/agrafa-monitoring/AutoDiscovery",
        "logLevel": "error",
        "args": [],
        "severity": {
            "W": "Warning",
            "E": "Hint"
        },
        "path": [],
        "interpreter": [
            "/bin/python"
        ],
        "importStrategy": "useBundled",
        "showNotifications": "off"
    }
]

/bin/python -m isort --version-number
CWD Linter: /home/douball/giznam/agrafa-monitoring/AutoDiscovery
Version info for isort running for /home/douball/giznam/agrafa-monitoring/AutoDiscovery:
5.10.1

SUPPORTED isort>=5.10.1
FOUND isort==5.10.1

